TN:
SF:../src/modules/api/annict.ts
FN:6,fetchWork
FN:42,checkTitleWithWorkId
FN:88,identifyWork
FN:141,obtainWork
FN:172,sendAnnict
FNF:5
FNH:5
FNDA:8,fetchWork
FNDA:6,checkTitleWithWorkId
FNDA:6,identifyWork
FNDA:3,obtainWork
FNDA:6,sendAnnict
DA:1,1
DA:2,1
DA:3,1
DA:4,1
DA:5,1
DA:6,1
DA:7,8
DA:8,8
DA:9,8
DA:10,8
DA:11,8
DA:12,8
DA:13,8
DA:14,8
DA:15,8
DA:16,8
DA:17,8
DA:18,8
DA:19,8
DA:20,8
DA:21,8
DA:22,8
DA:23,8
DA:24,8
DA:25,8
DA:26,8
DA:27,8
DA:28,8
DA:29,8
DA:30,8
DA:31,8
DA:32,8
DA:33,8
DA:34,8
DA:35,8
DA:36,8
DA:37,8
DA:38,8
DA:39,8
DA:40,8
DA:41,1
DA:42,1
DA:43,6
DA:44,6
DA:45,6
DA:46,6
DA:47,6
DA:48,6
DA:49,6
DA:50,6
DA:51,6
DA:52,6
DA:53,6
DA:54,6
DA:55,6
DA:56,6
DA:57,6
DA:58,0
DA:59,0
DA:60,6
DA:61,6
DA:62,6
DA:63,0
DA:64,0
DA:65,6
DA:66,0
DA:67,0
DA:68,0
DA:69,0
DA:70,0
DA:71,0
DA:72,0
DA:73,0
DA:74,0
DA:75,0
DA:76,0
DA:77,0
DA:78,0
DA:79,0
DA:80,0
DA:81,0
DA:82,0
DA:83,6
DA:84,6
DA:85,6
DA:86,6
DA:87,1
DA:88,1
DA:89,6
DA:90,6
DA:91,6
DA:92,6
DA:93,6
DA:94,6
DA:95,0
DA:96,0
DA:97,6
DA:98,6
DA:99,6
DA:100,6
DA:101,6
DA:102,6
DA:103,6
DA:104,6
DA:105,6
DA:106,6
DA:107,12
DA:108,12
DA:109,6
DA:110,6
DA:111,6
DA:112,6
DA:113,6
DA:114,12
DA:115,12
DA:116,6
DA:117,6
DA:118,12
DA:119,12
DA:120,12
DA:121,12
DA:122,12
DA:123,6
DA:124,6
DA:125,6
DA:126,6
DA:127,6
DA:128,6
DA:129,5
DA:130,5
DA:131,5
DA:132,5
DA:133,6
DA:134,1
DA:135,1
DA:136,1
DA:137,1
DA:138,1
DA:139,6
DA:140,1
DA:141,1
DA:142,3
DA:143,3
DA:144,3
DA:145,1
DA:146,3
DA:147,2
DA:148,2
DA:149,2
DA:150,2
DA:151,2
DA:152,2
DA:153,5
DA:154,5
DA:155,5
DA:156,5
DA:157,5
DA:158,5
DA:159,5
DA:160,5
DA:161,5
DA:162,5
DA:163,5
DA:164,5
DA:165,5
DA:166,5
DA:167,2
DA:168,2
DA:169,2
DA:170,3
DA:171,1
DA:172,1
DA:173,6
DA:174,6
DA:175,6
DA:176,2
DA:177,2
DA:178,2
DA:179,2
DA:180,2
DA:181,2
DA:182,2
DA:183,2
DA:184,2
DA:185,2
DA:186,2
DA:187,2
DA:188,2
DA:189,6
DA:190,6
DA:191,6
DA:192,6
LF:192
LH:169
BRDA:6,0,0,8
BRDA:38,1,0,8
BRDA:39,2,0,8
BRDA:39,3,0,1
BRDA:39,4,0,7
BRDA:39,5,0,7
BRDA:42,6,0,6
BRDA:62,7,0,0
BRDA:63,8,0,0
BRDA:65,9,0,0
BRDA:51,10,0,6
BRDA:88,11,0,6
BRDA:94,12,0,0
BRDA:99,13,0,0
BRDA:127,14,0,0
BRDA:128,15,0,5
BRDA:133,16,0,1
BRDA:102,17,0,6
BRDA:111,18,0,0
BRDA:104,19,0,12
BRDA:105,20,0,12
BRDA:105,21,0,12
BRDA:106,22,0,12
BRDA:113,23,0,12
BRDA:116,24,0,0
BRDA:117,25,0,12
BRDA:118,26,0,0
BRDA:118,27,0,0
BRDA:119,28,0,0
BRDA:120,29,0,0
BRDA:121,30,0,1
BRDA:125,31,0,36
BRDA:125,32,0,72
BRDA:127,33,0,12
BRDA:127,34,0,7
BRDA:129,35,0,10
BRDA:130,36,0,10
BRDA:130,37,0,5
BRDA:141,38,0,3
BRDA:142,39,0,2
BRDA:144,40,0,1
BRDA:146,41,0,2
BRDA:152,42,0,5
BRDA:165,43,0,4
BRDA:143,44,0,4
BRDA:148,45,0,4
BRDA:150,46,0,5
BRDA:167,47,0,4
BRDA:168,48,0,4
BRDA:172,49,0,6
BRDA:173,50,0,5
BRDA:175,51,0,4
BRDA:175,52,0,3
BRDA:175,53,0,4
BRDA:176,54,0,2
BRDA:181,55,0,1
BRDA:183,56,0,1
BRDA:184,57,0,1
BRDA:185,58,0,1
BRDA:186,59,0,1
BRDA:189,60,0,0
BRDA:185,61,0,3
BRDA:186,62,0,4
BRDA:187,63,0,2
BRDA:189,64,0,2
BRF:65
BRH:52
end_of_record
TN:
SF:../src/modules/api/webhook.ts
FN:5,checkWebhookSettings
FN:17,post2webhook
FNF:2
FNH:2
FNDA:10,checkWebhookSettings
FNDA:7,post2webhook
DA:1,1
DA:2,1
DA:3,1
DA:4,1
DA:5,10
DA:6,10
DA:7,10
DA:8,10
DA:9,3
DA:10,3
DA:11,3
DA:12,3
DA:13,3
DA:14,10
DA:15,10
DA:16,1
DA:17,1
DA:18,7
DA:19,7
DA:20,7
DA:21,5
DA:22,5
DA:23,5
DA:24,5
DA:25,5
DA:26,5
DA:27,5
DA:28,5
DA:29,5
DA:30,5
DA:31,5
DA:32,5
DA:33,5
DA:34,5
DA:35,5
DA:36,5
DA:37,5
DA:38,5
DA:39,5
DA:40,1
DA:41,3
DA:42,2
DA:43,2
DA:44,0
DA:45,3
DA:46,3
DA:47,5
DA:48,5
DA:49,4
DA:50,5
DA:51,4
DA:52,4
DA:53,5
LF:53
LH:52
BRDA:5,0,0,10
BRDA:8,1,0,3
BRDA:12,2,0,1
BRDA:11,3,0,14
BRDA:17,4,0,7
BRDA:20,5,0,6
BRDA:20,6,0,2
BRDA:21,7,0,5
BRDA:39,8,0,1
BRDA:47,9,0,4
BRDA:48,10,0,1
BRDA:49,11,0,4
BRDA:50,12,0,1
BRDA:51,13,0,4
BRDA:40,14,0,3
BRDA:41,15,0,2
BRDA:44,16,0,0
BRDA:48,17,0,17
BRDA:48,18,0,5
BRF:19
BRH:18
end_of_record
TN:
SF:../src/modules/sites/abema.ts
FN:4,obtainWatchingFromAbema
FNF:1
FNH:1
FNDA:7,obtainWatchingFromAbema
DA:1,1
DA:2,1
DA:3,1
DA:4,7
DA:5,7
DA:6,7
DA:7,7
DA:8,7
DA:9,5
DA:10,5
DA:11,5
DA:12,5
DA:13,5
DA:14,7
DA:15,5
DA:16,5
DA:17,5
DA:18,5
DA:19,5
DA:20,5
DA:21,5
DA:22,5
DA:23,5
DA:24,7
DA:25,7
DA:26,7
DA:27,7
LF:27
LH:27
BRDA:4,0,0,7
BRDA:8,1,0,6
BRDA:8,2,0,2
BRDA:8,3,0,2
BRDA:8,4,0,5
BRDA:14,5,0,0
BRDA:15,6,0,5
BRDA:24,7,0,0
BRDA:12,8,0,10
BRDA:13,9,0,10
BRDA:15,10,0,10
BRF:11
BRH:9
end_of_record
TN:
SF:../src/modules/sites/amazon.ts
FN:4,obtainWatchingFromAmazon
FNF:1
FNH:1
FNDA:8,obtainWatchingFromAmazon
DA:1,1
DA:2,1
DA:3,1
DA:4,8
DA:5,8
DA:6,8
DA:7,8
DA:8,8
DA:9,8
DA:10,7
DA:11,7
DA:12,7
DA:13,7
DA:14,7
DA:15,8
DA:16,8
DA:17,7
DA:18,7
DA:19,7
DA:20,7
DA:21,8
DA:22,8
DA:23,8
DA:24,8
DA:25,6
DA:26,6
DA:27,6
DA:28,6
DA:29,7
DA:30,7
DA:31,7
DA:32,6
DA:33,6
DA:34,8
DA:35,5
DA:36,8
DA:37,4
DA:38,4
DA:39,8
DA:40,4
DA:41,4
DA:42,4
DA:43,4
DA:44,4
DA:45,4
DA:46,4
DA:47,4
DA:48,4
DA:49,4
DA:50,4
DA:51,4
DA:52,4
DA:53,4
LF:53
LH:53
BRDA:4,0,0,8
BRDA:6,1,0,0
BRDA:16,2,0,1
BRDA:17,3,0,7
BRDA:20,4,0,0
BRDA:23,5,0,1
BRDA:23,6,0,6
BRDA:24,7,0,2
BRDA:24,8,0,1
BRDA:25,9,0,6
BRDA:34,10,0,1
BRDA:35,11,0,5
BRDA:36,12,0,4
BRDA:36,13,0,1
BRDA:37,14,0,4
BRDA:39,15,0,0
BRDA:40,16,0,4
BRDA:9,17,0,7
BRDA:13,18,0,0
BRDA:14,19,0,0
BRDA:19,20,0,7
BRDA:22,21,0,6
BRDA:28,22,0,7
BRDA:30,23,0,0
BRDA:31,24,0,0
BRDA:37,25,0,7
BRDA:38,26,0,7
BRDA:40,27,0,7
BRF:28
BRH:21
end_of_record
TN:
SF:../src/modules/sites/danime.ts
FN:4,obtainWatchingFromDanime
FNF:1
FNH:1
FNDA:5,obtainWatchingFromDanime
DA:1,1
DA:2,1
DA:3,1
DA:4,5
DA:5,5
DA:6,5
DA:7,5
DA:8,5
DA:9,5
DA:10,5
DA:11,5
DA:12,5
DA:13,5
DA:14,5
DA:15,5
DA:16,5
DA:17,5
DA:18,5
DA:19,5
DA:20,5
LF:20
LH:20
BRDA:4,0,0,5
BRDA:6,1,0,4
BRDA:6,2,0,1
BRDA:11,3,0,4
BRDA:11,4,0,1
BRDA:12,5,0,4
BRDA:12,6,0,3
BRDA:15,7,0,0
BRDA:17,8,0,0
BRF:9
BRH:7
end_of_record
TN:
SF:../src/modules/storage/storage.ts
FN:22,getSyncStorage
FN:26,setSyncStorage
FN:30,obtainVideoSite
FNF:3
FNH:3
FNDA:1,getSyncStorage
FNDA:1,setSyncStorage
FNDA:5,obtainVideoSite
DA:1,1
DA:2,1
DA:3,1
DA:4,1
DA:5,1
DA:6,1
DA:7,1
DA:8,1
DA:9,1
DA:10,1
DA:11,1
DA:12,1
DA:13,1
DA:14,1
DA:15,1
DA:16,1
DA:17,1
DA:18,1
DA:19,1
DA:20,1
DA:21,1
DA:22,1
DA:23,1
DA:24,1
DA:25,1
DA:26,1
DA:27,1
DA:28,1
DA:29,1
DA:30,5
DA:31,5
DA:32,5
DA:33,5
DA:34,5
DA:35,5
DA:36,5
DA:37,5
DA:38,5
DA:39,5
LF:39
LH:39
BRDA:12,0,0,10
BRDA:13,1,0,15
BRDA:22,2,0,1
BRDA:22,3,0,1
BRDA:23,4,0,1
BRDA:26,5,0,1
BRDA:26,6,0,1
BRDA:30,7,0,5
BRDA:37,8,0,0
BRDA:38,9,0,2
BRDA:37,10,0,25
BRDA:38,11,0,3
BRF:12
BRH:11
end_of_record
TN:
SF:../src/modules/ui/notification.ts
FN:5,debugLog
FN:11,resetNotificationClasses
FN:15,fadeIn
FN:24,fadeOut
FN:34,showMessage
FN:43,loadNotificationStyles
FNF:6
FNH:5
FNDA:17,debugLog
FNDA:5,resetNotificationClasses
FNDA:5,fadeIn
FNDA:6,fadeOut
FNDA:6,showMessage
FNDA:0,loadNotificationStyles
DA:1,1
DA:2,1
DA:3,1
DA:4,1
DA:5,17
DA:6,17
DA:7,0
DA:8,0
DA:9,17
DA:10,1
DA:11,5
DA:12,5
DA:13,5
DA:14,1
DA:15,5
DA:16,5
DA:17,3
DA:18,3
DA:19,2
DA:20,3
DA:21,5
DA:22,5
DA:23,1
DA:24,6
DA:25,6
DA:26,3
DA:27,3
DA:28,3
DA:29,1
DA:30,3
DA:31,6
DA:32,6
DA:33,1
DA:34,6
DA:35,6
DA:36,6
DA:37,3
DA:38,3
DA:39,3
DA:40,3
DA:41,3
DA:42,1
DA:43,0
DA:44,0
DA:45,0
DA:46,0
DA:47,0
DA:48,0
LF:48
LH:40
BRDA:5,0,0,17
BRDA:6,1,0,0
BRDA:11,2,0,5
BRDA:15,3,0,5
BRDA:16,4,0,3
BRDA:18,5,0,2
BRDA:24,6,0,6
BRDA:25,7,0,3
BRDA:28,8,0,1
BRDA:34,9,0,6
BRDA:35,10,0,2
BRDA:35,11,0,4
BRDA:36,12,0,3
BRF:13
BRH:12
end_of_record
TN:
SF:../src/modules/utils/string.ts
FN:23,kanji2arab
FN:28,toArb
FN:62,remakeString
FN:81,title2number
FN:88,checkTitle
FN:96,splitTitle
FNF:6
FNH:6
FNDA:54,kanji2arab
FNDA:16,toArb
FNDA:78,remakeString
FNDA:47,title2number
FNDA:18,checkTitle
FNDA:10,splitTitle
DA:1,1
DA:2,1
DA:3,1
DA:4,1
DA:5,1
DA:6,1
DA:7,1
DA:8,1
DA:9,1
DA:10,1
DA:11,1
DA:12,1
DA:13,1
DA:14,1
DA:15,1
DA:16,1
DA:17,1
DA:18,1
DA:19,1
DA:20,1
DA:21,1
DA:22,1
DA:23,54
DA:24,54
DA:25,54
DA:26,54
DA:27,1
DA:28,16
DA:29,16
DA:30,16
DA:31,16
DA:32,16
DA:33,24
DA:34,24
DA:35,24
DA:36,24
DA:37,13
DA:38,4
DA:39,4
DA:40,13
DA:41,9
DA:42,9
DA:43,24
DA:44,8
DA:45,8
DA:46,8
DA:47,8
DA:48,8
DA:49,8
DA:50,11
DA:51,3
DA:52,3
DA:53,3
DA:54,3
DA:55,3
DA:56,3
DA:57,24
DA:58,24
DA:59,16
DA:60,16
DA:61,1
DA:62,78
DA:63,78
DA:64,64
DA:65,64
DA:66,64
DA:67,64
DA:68,64
DA:69,75
DA:70,40
DA:71,40
DA:72,78
DA:73,23
DA:74,23
DA:75,23
DA:76,23
DA:77,23
DA:78,1
DA:79,1
DA:80,1
DA:81,47
DA:82,47
DA:83,41
DA:84,47
DA:85,35
DA:86,35
DA:87,1
DA:88,18
DA:89,18
DA:90,6
DA:91,18
DA:92,5
DA:93,1
DA:94,1
DA:95,1
DA:96,10
DA:97,10
DA:98,10
LF:98
LH:98
BRDA:23,0,0,54
BRDA:25,1,0,16
BRDA:28,2,0,16
BRDA:32,3,0,24
BRDA:36,4,0,13
BRDA:37,5,0,4
BRDA:40,6,0,9
BRDA:43,7,0,11
BRDA:43,8,0,8
BRDA:47,9,0,7
BRDA:47,10,0,1
BRDA:50,11,0,3
BRDA:57,12,0,0
BRDA:62,13,0,78
BRDA:63,14,0,14
BRDA:64,15,0,75
BRDA:64,16,0,64
BRDA:69,17,0,40
BRDA:72,18,0,47
BRDA:72,19,0,24
BRDA:72,20,0,23
BRDA:78,21,0,1
BRDA:70,22,0,3
BRDA:73,23,0,13
BRDA:76,24,0,3
BRDA:81,25,0,47
BRDA:82,26,0,6
BRDA:83,27,0,41
BRDA:84,28,0,6
BRDA:85,29,0,35
BRDA:88,30,0,18
BRDA:89,31,0,12
BRDA:90,32,0,6
BRDA:91,33,0,1
BRDA:92,34,0,5
BRDA:92,35,0,4
BRDA:93,36,0,1
BRDA:89,37,0,25
BRDA:90,38,0,12
BRDA:90,39,0,0
BRDA:90,40,0,13
BRDA:91,41,0,1
BRDA:92,42,0,4
BRDA:96,43,0,10
BRDA:97,44,0,15
BRF:45
BRH:43
end_of_record
